<?xml version="1.0" encoding="UTF-8"?>
<!-- Generated by org.testng.reporters.JUnitXMLReporter -->
<testsuite ignored="0" hostname="DESKTOP-QF44ST5" failures="0" tests="1" name="Default test" time="28.173" errors="0" timestamp="2022-05-27T13:42:18 IST">
  <testcase classname="com.tobin.GenericLib.BaseClass" name="@BeforeClass openBrowser" time="28.092">
    <failure type="org.openqa.selenium.WebDriverException" message="Reached error page: about:neterror?e=netTimeout&amp;amp;u=http%3A//192.168.203.128%3A8080/crm/HomePage.do&amp;amp;c=UTF-8&amp;amp;d=The%20server%20at%20192.168.203.128%20is%20taking%20too%20long%20to%20respond.
Build info: version: &amp;apos;4.1.2&amp;apos;, revision: &amp;apos;9a5a329c5a&amp;apos;
System info: host: &amp;apos;DESKTOP-QF44ST5&amp;apos;, ip: &amp;apos;192.168.174.1&amp;apos;, os.name: &amp;apos;Windows 10&amp;apos;, os.arch: &amp;apos;amd64&amp;apos;, os.version: &amp;apos;10.0&amp;apos;, java.version: &amp;apos;17.0.2&amp;apos;
Driver info: org.openqa.selenium.firefox.FirefoxDriver
Command: [597aea6d-1a35-427b-a816-7b7f23187a45, get {url=http://192.168.203.128:8080/crm/HomePage.do}]
Capabilities {acceptInsecureCerts: true, browserName: firefox, browserVersion: 100.0.2, javascriptEnabled: true, moz:accessibilityChecks: false, moz:buildID: 20220519220738, moz:debuggerAddress: localhost:51001, moz:geckodriverVersion: 0.31.0, moz:headless: false, moz:processID: 17732, moz:profile: C:\Users\adithya\AppData\Lo..., moz:shutdownTimeout: 60000, moz:useNonSpecCompliantPointerOrigin: false, moz:webdriverClick: true, pageLoadStrategy: normal, platform: WINDOWS, platformName: WINDOWS, platformVersion: 10.0, proxy: Proxy(), se:cdp: ws://localhost:51001/devtoo..., se:cdpVersion: 85.0, setWindowRect: true, strictFileInteractability: false, timeouts: {implicit: 0, pageLoad: 300000, script: 30000}, unhandledPromptBehavior: dismiss and notify}
Session ID: 597aea6d-1a35-427b-a816-7b7f23187a45">
      <![CDATA[org.openqa.selenium.WebDriverException: Reached error page: about:neterror?e=netTimeout&u=http%3A//192.168.203.128%3A8080/crm/HomePage.do&c=UTF-8&d=The%20server%20at%20192.168.203.128%20is%20taking%20too%20long%20to%20respond.
Build info: version: '4.1.2', revision: '9a5a329c5a'
System info: host: 'DESKTOP-QF44ST5', ip: '192.168.174.1', os.name: 'Windows 10', os.arch: 'amd64', os.version: '10.0', java.version: '17.0.2'
Driver info: org.openqa.selenium.firefox.FirefoxDriver
Command: [597aea6d-1a35-427b-a816-7b7f23187a45, get {url=http://192.168.203.128:8080/crm/HomePage.do}]
Capabilities {acceptInsecureCerts: true, browserName: firefox, browserVersion: 100.0.2, javascriptEnabled: true, moz:accessibilityChecks: false, moz:buildID: 20220519220738, moz:debuggerAddress: localhost:51001, moz:geckodriverVersion: 0.31.0, moz:headless: false, moz:processID: 17732, moz:profile: C:\Users\adithya\AppData\Lo..., moz:shutdownTimeout: 60000, moz:useNonSpecCompliantPointerOrigin: false, moz:webdriverClick: true, pageLoadStrategy: normal, platform: WINDOWS, platformName: WINDOWS, platformVersion: 10.0, proxy: Proxy(), se:cdp: ws://localhost:51001/devtoo..., se:cdpVersion: 85.0, setWindowRect: true, strictFileInteractability: false, timeouts: {implicit: 0, pageLoad: 300000, script: 30000}, unhandledPromptBehavior: dismiss and notify}
Session ID: 597aea6d-1a35-427b-a816-7b7f23187a45
at java.base/jdk.internal.reflect.NativeConstructorAccessorImpl.newInstance0(Native Method)
at java.base/jdk.internal.reflect.NativeConstructorAccessorImpl.newInstance(NativeConstructorAccessorImpl.java:77)
at java.base/jdk.internal.reflect.DelegatingConstructorAccessorImpl.newInstance(DelegatingConstructorAccessorImpl.java:45)
at java.base/java.lang.reflect.Constructor.newInstanceWithCaller(Constructor.java:499)
at java.base/java.lang.reflect.Constructor.newInstance(Constructor.java:480)
at org.openqa.selenium.remote.codec.w3c.W3CHttpResponseCodec.createException(W3CHttpResponseCodec.java:200)
at org.openqa.selenium.remote.codec.w3c.W3CHttpResponseCodec.decode(W3CHttpResponseCodec.java:133)
at org.openqa.selenium.remote.codec.w3c.W3CHttpResponseCodec.decode(W3CHttpResponseCodec.java:53)
at org.openqa.selenium.remote.HttpCommandExecutor.execute(HttpCommandExecutor.java:184)
at org.openqa.selenium.remote.service.DriverCommandExecutor.invokeExecute(DriverCommandExecutor.java:167)
at org.openqa.selenium.remote.service.DriverCommandExecutor.execute(DriverCommandExecutor.java:142)
at org.openqa.selenium.remote.RemoteWebDriver.execute(RemoteWebDriver.java:558)
at org.openqa.selenium.remote.RemoteWebDriver.get(RemoteWebDriver.java:327)
at com.tobin.GenericLib.BaseClass.openBrowser(BaseClass.java:39)
at java.base/jdk.internal.reflect.NativeMethodAccessorImpl.invoke0(Native Method)
at java.base/jdk.internal.reflect.NativeMethodAccessorImpl.invoke(NativeMethodAccessorImpl.java:77)
at java.base/jdk.internal.reflect.DelegatingMethodAccessorImpl.invoke(DelegatingMethodAccessorImpl.java:43)
at java.base/java.lang.reflect.Method.invoke(Method.java:568)
at org.testng.internal.MethodInvocationHelper.invokeMethod(MethodInvocationHelper.java:133)
at org.testng.internal.MethodInvocationHelper.invokeMethodConsideringTimeout(MethodInvocationHelper.java:62)
at org.testng.internal.ConfigInvoker.invokeConfigurationMethod(ConfigInvoker.java:385)
at org.testng.internal.ConfigInvoker.invokeConfigurations(ConfigInvoker.java:321)
at org.testng.internal.TestMethodWorker.invokeBeforeClassMethods(TestMethodWorker.java:176)
at org.testng.internal.TestMethodWorker.run(TestMethodWorker.java:122)
at java.base/java.util.ArrayList.forEach(ArrayList.java:1511)
at org.testng.TestRunner.privateRun(TestRunner.java:794)
at org.testng.TestRunner.run(TestRunner.java:596)
at org.testng.SuiteRunner.runTest(SuiteRunner.java:377)
at org.testng.SuiteRunner.runSequentially(SuiteRunner.java:371)
at org.testng.SuiteRunner.privateRun(SuiteRunner.java:332)
at org.testng.SuiteRunner.run(SuiteRunner.java:276)
at org.testng.SuiteRunnerWorker.runSuite(SuiteRunnerWorker.java:53)
at org.testng.SuiteRunnerWorker.run(SuiteRunnerWorker.java:96)
at org.testng.TestNG.runSuitesSequentially(TestNG.java:1212)
at org.testng.TestNG.runSuitesLocally(TestNG.java:1134)
at org.testng.TestNG.runSuites(TestNG.java:1063)
at org.testng.TestNG.run(TestNG.java:1031)
at org.testng.remote.AbstractRemoteTestNG.run(AbstractRemoteTestNG.java:115)
at org.testng.remote.RemoteTestNG.initAndRun(RemoteTestNG.java:251)
at org.testng.remote.RemoteTestNG.main(RemoteTestNG.java:77)
]]>
    </failure>
  </testcase> <!-- @BeforeClass openBrowser -->
  <testcase classname="Login.ValidLogin" name="signIn" time="0.0">
    <skipped/>
  </testcase> <!-- signIn -->
</testsuite> <!-- Default test -->
