<?xml version="1.0" encoding="UTF-8"?>
<!-- Generated by org.testng.reporters.JUnitXMLReporter -->
<testsuite ignored="0" hostname="DESKTOP-QF44ST5" failures="0" tests="3" name="Test" time="80.687" errors="0" timestamp="2022-05-27T21:54:15 IST">
  <testcase classname="Login.ValidLogin" name="signIn" time="2.599"/>
  <testcase classname="contact.createNewContact" name="verifycreateContact" time="32.763"/>
  <testcase classname="accounts.CreateAccountbutton" name="verifyNewAccount" time="10.6"/>
</testsuite> <!-- Test -->
