<?xml version="1.0" encoding="UTF-8"?>
<testng-results ignored="0" total="1" passed="1" failed="0" skipped="0">
  <reporter-output>
    <line>
      <![CDATA[Login page  is Displayed]]>
    </line>
    <line>
      <![CDATA[CRM HOME PAGE is Displayed]]>
    </line>
  </reporter-output>
  <suite started-at="2022-06-15T22:38:38 IST" name="Default suite" finished-at="2022-06-15T22:38:50 IST" duration-ms="12005">
    <groups>
    </groups>
    <test started-at="2022-06-15T22:38:38 IST" name="Default test" finished-at="2022-06-15T22:38:50 IST" duration-ms="12005">
      <class name="Login.ValidLogin">
        <test-method is-config="true" signature="openBrowser()[pri:0, instance:Login.ValidLogin@470f1802]" started-at="2022-06-15T22:38:38 IST" name="openBrowser" finished-at="2022-06-15T22:38:48 IST" duration-ms="9833" status="PASS">
          <reporter-output>
            <line>
              <![CDATA[Login page  is Displayed]]>
            </line>
          </reporter-output>
        </test-method> <!-- openBrowser -->
        <test-method signature="signIn()[pri:0, instance:Login.ValidLogin@470f1802]" started-at="2022-06-15T22:38:48 IST" name="signIn" finished-at="2022-06-15T22:38:50 IST" duration-ms="2123" status="PASS">
          <reporter-output>
            <line>
              <![CDATA[CRM HOME PAGE is Displayed]]>
            </line>
          </reporter-output>
        </test-method> <!-- signIn -->
      </class> <!-- Login.ValidLogin -->
    </test> <!-- Default test -->
  </suite> <!-- Default suite -->
</testng-results>
